11 [4132607744] INFO perfrun.launcher <> - Launcher main begin
15 [4132607744] INFO perfrun.launcher <> - MessageCatalogInit finished
15 [4132607744] INFO perfrun.launcher <> - Launcher instance created
15 [4132607744] INFO perfrun.launcher <> - argc = 6; cmdline = /opt/intel/oneapi/vtune/2025.0/bin32/amplxe-runss -dump-vdso -r /root/avx512_test/DilithiumSIMD/dilithium-round3-avx512/dilithium3-avx512-round3/r000hs --tmp-dir /tmp/amplxe-tmp-root 
26 [4132607744] INFO perfrun.launcher <> - create msngr2::ICliToolContext
26 [4132607744] INFO perfrun.launcher <> - create file finder object
26 [4132076224] INFO perfrun.launcher <> - plugin [remoteplug] was disabled because it doesn't support the given collection type.
26 [4132076224] INFO perfrun.launcher <> - plugin [] was disabled because it doesn't support the given collection type.
26 [4132076224] INFO perfrun.vdso <> - dumping [vdso] pseudomodule
27 [4132076224] INFO perfrun.launcher <> - plugin [] was disabled because it doesn't support the given collection type.
27 [4132076224] INFO perfrun.launcher <> - plugin [] was disabled because it doesn't support the given collection type.
27 [4132076224] INFO perfrun.launcher <> - plugin [] was disabled because it doesn't support the given collection type.
27 [4132076224] INFO perfrun.launcher <> - plugin [] was disabled because it doesn't support the given collection type.
27 [4132076224] INFO perfrun.launcher <> - plugin [] was disabled because it doesn't support the given collection type.
27 [4132076224] INFO perfrun.launcher <> - plugin [] was disabled because it doesn't support the given collection type.
27 [4132076224] INFO perfrun.launcher <> - plugin [] was disabled because it doesn't support the given collection type.
27 [4132076224] INFO perfrun.launcher <> - plugin [] was disabled because it doesn't support the given collection type.
27 [4132076224] INFO perfrun.launcher <> - plugin [] was disabled because it doesn't support the given collection type.
27 [4132076224] INFO perfrun.launcher <> - plugin [] was disabled because it doesn't support the given collection type.
27 [4132076224] INFO perfrun.launcher <> - plugin [] was disabled because it doesn't support the given collection type.
27 [4132076224] INFO perfrun.launcher <> - plugin [] was disabled because it doesn't support the given collection type.
27 [4132076224] INFO perfrun.launcher <> - plugin [] was disabled because it doesn't support the given collection type.
27 [4132076224] INFO perfrun.launcher <> - plugin [] was disabled because it doesn't support the given collection type.
27 [4132076224] INFO perfrun.launcher <> - plugin [] was disabled because it doesn't support the given collection type.
27 [4132076224] INFO perfrun.launcher <> - plugin [] was disabled because it doesn't support the given collection type.
27 [4132076224] INFO perfrun.launcher <> - plugin [] was disabled because it doesn't support the given collection type.
27 [4132076224] INFO perfrun.launcher <> - plugin [] was disabled because it doesn't support the given collection type.
27 [4132076224] INFO perfrun.launcher <> - plugin [] was disabled because it doesn't support the given collection type.
27 [4132076224] INFO perfrun.launcher <> - plugin [] was disabled because it doesn't support the given collection type.
27 [4132076224] INFO perfrun.launcher <> - plugin [] was disabled because it doesn't support the given collection type.
27 [4132076224] INFO perfrun.launcher <> - plugin [] was disabled because it doesn't support the given collection type.
27 [4132076224] INFO perfrun.launcher <> - plugin [] was disabled because it doesn't support the given collection type.
27 [4132076224] INFO perfrun.launcher <> - plugin [] was disabled because it doesn't support the given collection type.
27 [4132607744] INFO perfrun.launcher <> - Application exit code: 0
27 [4132607744] INFO perfrun.launcher <> - Exit code: 0
